<?xml version="1.0" encoding="UTF-8"?>
<!-- Generated by org.testng.reporters.JUnitReportReporter -->
<testsuite skipped="1" hostname="DESKTOP-1L8TQ95" name="data_provider.data_driventest" tests="1" failures="0" timestamp="2021-01-11T22:24:00 IST" time="0.000" errors="0">
  <testcase name="exceltest" time="0.000" classname="data_provider.data_driventest">
    <skipped/>
  </testcase> <!-- exceltest -->
  <system-out/>
</testsuite> <!-- data_provider.data_driventest -->
